2024-09-29 16:29:43,231 ERROR [Log] Class Utils | Method getCellData | Exception desc : null 
2024-09-29 16:29:43,232 INFO  [Log] **************************************************************************************** 
2024-09-29 16:29:43,232 INFO  [Log] **************************************************************************************** 
2024-09-29 16:29:43,233 INFO  [Log] $$$$$$$$$$$$$$$$$$$$$                 TC-001       $$$$$$$$$$$$$$$$$$$$$$$$$ 
2024-09-29 16:29:43,233 INFO  [Log] **************************************************************************************** 
2024-09-29 16:29:43,233 INFO  [Log] **************************************************************************************** 
2024-09-29 16:29:44,022 INFO  [Log] Open browser 
2024-09-29 16:29:45,735 INFO  [Log] Navigate regisPage 
2024-09-29 16:29:49,284 INFO  [Log] Enter regisPage 
2024-09-29 16:29:49,588 INFO  [Log] Click  
2024-09-29 16:29:52,494 INFO  [Log] Catch username  
2024-09-29 16:29:52,591 INFO  [Log] Catch password  
2024-09-29 16:29:52,679 INFO  [Log] Navigate to login page 
2024-09-29 16:29:55,034 INFO  [Log] Enter username 
2024-09-29 16:29:55,286 INFO  [Log] Enter password 
2024-09-29 16:29:55,551 INFO  [Log] Click  
2024-09-29 16:29:56,282 INFO  [Log] XXXXXXXXXXXXXXXXXXXXXXX             -E---N---D-             XXXXXXXXXXXXXXXXXXXXXX 
2024-09-29 16:29:56,282 INFO  [Log] X 
2024-09-29 16:29:56,282 INFO  [Log] X 
2024-09-29 16:29:56,282 INFO  [Log] X 
2024-09-29 16:29:56,282 INFO  [Log] X 
2024-09-29 16:29:56,282 ERROR [Log] Class Utils | Method getCellData | Exception desc : null 
2024-09-29 16:29:56,282 ERROR [Log] Class Utils | Method getCellData | Exception desc : null 
2024-09-29 16:33:24,451 ERROR [Log] Class Utils | Method getCellData | Exception desc : null 
2024-09-29 16:33:24,452 INFO  [Log] **************************************************************************************** 
2024-09-29 16:33:24,452 INFO  [Log] **************************************************************************************** 
2024-09-29 16:33:24,453 INFO  [Log] $$$$$$$$$$$$$$$$$$$$$                 TC-001       $$$$$$$$$$$$$$$$$$$$$$$$$ 
2024-09-29 16:33:24,453 INFO  [Log] **************************************************************************************** 
2024-09-29 16:33:24,453 INFO  [Log] **************************************************************************************** 
2024-09-29 16:33:25,231 INFO  [Log] Open browser 
2024-09-29 16:33:27,102 INFO  [Log] Navigate regisPage 
2024-09-29 16:33:30,567 INFO  [Log] Enter regisPage 
2024-09-29 16:33:30,872 INFO  [Log] Click  
2024-09-29 16:33:33,655 INFO  [Log] Catch username  
2024-09-29 16:33:33,789 INFO  [Log] Catch password  
2024-09-29 16:33:33,889 INFO  [Log] Navigate to login page 
2024-09-29 16:33:35,656 INFO  [Log] Enter username 
2024-09-29 16:33:35,872 INFO  [Log] Enter password 
2024-09-29 16:33:35,965 INFO  [Log] Not able to Enter passwordno such element: Unable to locate element: {"method":"xpath","selector":"//*[@id="passw"]"}
  (Session info: chrome=114.0.5735.199)
For documentation on this error, please visit: https://www.seleniumhq.org/exceptions/no_such_element.html
Build info: version: '3.141.59', revision: 'e82be7d358', time: '2018-11-14T08:17:03'
System info: host: 'ADMIN', ip: '192.168.1.12', os.name: 'Windows 10', os.arch: 'amd64', os.version: '10.0', java.version: '11.0.23'
Driver info: org.openqa.selenium.chrome.ChromeDriver
Capabilities {acceptInsecureCerts: false, browserName: chrome, browserVersion: 114.0.5735.199, chrome: {chromedriverVersion: 114.0.5735.90 (386bc09e8f4f..., userDataDir: C:\Program Files (x86)\scop...}, goog:chromeOptions: {debuggerAddress: localhost:62085}, javascriptEnabled: true, networkConnectionEnabled: false, pageLoadStrategy: normal, platform: WINDOWS, platformName: WINDOWS, proxy: Proxy(), setWindowRect: true, strictFileInteractability: false, timeouts: {implicit: 0, pageLoad: 300000, script: 30000}, unhandledPromptBehavior: dismiss and notify, webauthn:extension:credBlob: true, webauthn:extension:largeBlob: true, webauthn:extension:minPinLength: true, webauthn:extension:prf: true, webauthn:virtualAuthenticators: true}
Session ID: 0d594fdf47a528cd045dfa597750d5d2
*** Element info: {Using=xpath, value=//*[@id="passw"]} 
2024-09-29 16:33:36,065 INFO  [Log] Close browser 
2024-09-29 16:33:36,390 INFO  [Log] XXXXXXXXXXXXXXXXXXXXXXX             -E---N---D-             XXXXXXXXXXXXXXXXXXXXXX 
2024-09-29 16:33:36,390 INFO  [Log] X 
2024-09-29 16:33:36,390 INFO  [Log] X 
2024-09-29 16:33:36,390 INFO  [Log] X 
2024-09-29 16:33:36,390 INFO  [Log] X 
2024-09-29 16:33:36,390 ERROR [Log] Class Utils | Method getCellData | Exception desc : null 
2024-09-29 16:33:36,391 ERROR [Log] Class Utils | Method getCellData | Exception desc : null 
2024-09-29 16:35:11,425 ERROR [Log] Class Utils | Method getCellData | Exception desc : null 
2024-09-29 16:35:11,426 INFO  [Log] **************************************************************************************** 
2024-09-29 16:35:11,426 INFO  [Log] **************************************************************************************** 
2024-09-29 16:35:11,426 INFO  [Log] $$$$$$$$$$$$$$$$$$$$$                 TC-001       $$$$$$$$$$$$$$$$$$$$$$$$$ 
2024-09-29 16:35:11,427 INFO  [Log] **************************************************************************************** 
2024-09-29 16:35:11,427 INFO  [Log] **************************************************************************************** 
2024-09-29 16:35:12,178 INFO  [Log] Open browser 
2024-09-29 16:35:13,831 INFO  [Log] Navigate regisPage 
2024-09-29 16:35:18,388 INFO  [Log] Enter regisPage 
2024-09-29 16:35:18,676 INFO  [Log] Click  
2024-09-29 16:35:21,567 INFO  [Log] Catch username  
2024-09-29 16:35:21,672 INFO  [Log] Catch password  
2024-09-29 16:35:21,758 INFO  [Log] Navigate to login page 
2024-09-29 16:35:23,573 INFO  [Log] Enter username 
2024-09-29 16:35:23,789 INFO  [Log] Enter password 
2024-09-29 16:35:24,001 INFO  [Log] Click  
2024-09-29 16:35:24,774 INFO  [Log] XXXXXXXXXXXXXXXXXXXXXXX             -E---N---D-             XXXXXXXXXXXXXXXXXXXXXX 
2024-09-29 16:35:24,774 INFO  [Log] X 
2024-09-29 16:35:24,774 INFO  [Log] X 
2024-09-29 16:35:24,774 INFO  [Log] X 
2024-09-29 16:35:24,774 INFO  [Log] X 
2024-09-29 16:35:24,774 ERROR [Log] Class Utils | Method getCellData | Exception desc : null 
2024-09-29 16:35:24,774 ERROR [Log] Class Utils | Method getCellData | Exception desc : null 
2024-10-02 00:13:43,964 ERROR [Log] Class Utils | Method getCellData | Exception desc : null 
2024-10-02 00:13:43,965 INFO  [Log] **************************************************************************************** 
2024-10-02 00:13:43,965 INFO  [Log] **************************************************************************************** 
2024-10-02 00:13:43,965 INFO  [Log] $$$$$$$$$$$$$$$$$$$$$                 TC-001       $$$$$$$$$$$$$$$$$$$$$$$$$ 
2024-10-02 00:13:43,966 INFO  [Log] **************************************************************************************** 
2024-10-02 00:13:43,966 INFO  [Log] **************************************************************************************** 
2024-10-02 00:13:46,100 INFO  [Log] Open browser 
2024-10-02 00:13:47,834 INFO  [Log] Navigate regisPage 
2024-10-02 00:13:54,480 INFO  [Log] Not able to Navigate regisPagejava.net.ConnectException: Failed to connect to localhost/0:0:0:0:0:0:0:1:23199
Build info: version: '3.141.59', revision: 'e82be7d358', time: '2018-11-14T08:17:03'
System info: host: 'ADMIN', ip: '192.168.1.7', os.name: 'Windows 10', os.arch: 'amd64', os.version: '10.0', java.version: '11.0.23'
Driver info: driver.version: RemoteWebDriver 
2024-10-02 00:13:54,560 INFO  [Log] Close browser 
2024-10-02 00:13:54,565 INFO  [Log] Not able to Close browser java.net.ConnectException: Failed to connect to localhost/0:0:0:0:0:0:0:1:23199
Build info: version: '3.141.59', revision: 'e82be7d358', time: '2018-11-14T08:17:03'
System info: host: 'ADMIN', ip: '192.168.1.7', os.name: 'Windows 10', os.arch: 'amd64', os.version: '10.0', java.version: '11.0.23'
Driver info: driver.version: RemoteWebDriver 
2024-10-02 00:13:54,644 INFO  [Log] XXXXXXXXXXXXXXXXXXXXXXX             -E---N---D-             XXXXXXXXXXXXXXXXXXXXXX 
2024-10-02 00:13:54,644 INFO  [Log] X 
2024-10-02 00:13:54,644 INFO  [Log] X 
2024-10-02 00:13:54,644 INFO  [Log] X 
2024-10-02 00:13:54,644 INFO  [Log] X 
2024-10-02 00:13:54,645 ERROR [Log] Class Utils | Method getCellData | Exception desc : null 
2024-10-02 00:13:54,645 ERROR [Log] Class Utils | Method getCellData | Exception desc : null 
2024-10-27 16:39:54,059 ERROR [Log] Class Utils | Method getCellData | Exception desc : null 
2024-10-27 16:39:54,060 INFO  [Log] **************************************************************************************** 
2024-10-27 16:39:54,060 INFO  [Log] **************************************************************************************** 
2024-10-27 16:39:54,061 INFO  [Log] $$$$$$$$$$$$$$$$$$$$$                 TC-001       $$$$$$$$$$$$$$$$$$$$$$$$$ 
2024-10-27 16:39:54,061 INFO  [Log] **************************************************************************************** 
2024-10-27 16:39:54,061 INFO  [Log] **************************************************************************************** 
2024-10-27 16:39:55,662 INFO  [Log] Open browser 
2024-10-27 16:39:57,527 INFO  [Log] Navigate regisPage 
2024-10-27 16:39:59,879 INFO  [Log] Enter regisPage 
2024-10-27 16:40:00,178 INFO  [Log] Click  
2024-10-27 16:40:01,207 INFO  [Log] Catch username  
2024-10-27 16:40:01,474 INFO  [Log] Catch password  
2024-10-27 16:40:01,658 INFO  [Log] Navigate to login page 
2024-10-27 16:40:02,986 INFO  [Log] Enter username 
2024-10-27 16:40:03,191 INFO  [Log] Enter password 
2024-10-27 16:40:03,422 INFO  [Log] Click  
2024-10-27 16:40:04,896 INFO  [Log] XXXXXXXXXXXXXXXXXXXXXXX             -E---N---D-             XXXXXXXXXXXXXXXXXXXXXX 
2024-10-27 16:40:04,897 INFO  [Log] X 
2024-10-27 16:40:04,897 INFO  [Log] X 
2024-10-27 16:40:04,897 INFO  [Log] X 
2024-10-27 16:40:04,897 INFO  [Log] X 
2024-10-27 16:40:04,897 ERROR [Log] Class Utils | Method getCellData | Exception desc : null 
2024-10-27 16:40:04,897 ERROR [Log] Class Utils | Method getCellData | Exception desc : null 
2024-11-03 16:01:17,730 ERROR [Log] Class Utils | Method getCellData | Exception desc : null 
2024-11-03 16:01:17,731 INFO  [Log] **************************************************************************************** 
2024-11-03 16:01:17,731 INFO  [Log] **************************************************************************************** 
2024-11-03 16:01:17,731 INFO  [Log] $$$$$$$$$$$$$$$$$$$$$                 TC-001       $$$$$$$$$$$$$$$$$$$$$$$$$ 
2024-11-03 16:01:17,731 INFO  [Log] **************************************************************************************** 
2024-11-03 16:01:17,731 INFO  [Log] **************************************************************************************** 
2024-11-03 16:01:19,819 INFO  [Log] Open browser 
2024-11-03 16:01:22,268 INFO  [Log] Navigate regisPage 
2024-11-03 16:01:24,867 INFO  [Log] Enter regisPage 
2024-11-03 16:01:25,202 INFO  [Log] Click  
2024-11-03 16:01:27,495 INFO  [Log] Catch username  
2024-11-03 16:01:27,660 INFO  [Log] Catch password  
2024-11-03 16:01:27,856 INFO  [Log] Navigate to login page 
2024-11-03 16:01:29,181 INFO  [Log] Enter username 
2024-11-03 16:01:29,421 INFO  [Log] Enter password 
2024-11-03 16:01:29,639 INFO  [Log] Click  
2024-11-03 16:01:30,310 INFO  [Log] XXXXXXXXXXXXXXXXXXXXXXX             -E---N---D-             XXXXXXXXXXXXXXXXXXXXXX 
2024-11-03 16:01:30,310 INFO  [Log] X 
2024-11-03 16:01:30,310 INFO  [Log] X 
2024-11-03 16:01:30,310 INFO  [Log] X 
2024-11-03 16:01:30,310 INFO  [Log] X 
2024-11-03 16:01:30,311 ERROR [Log] Class Utils | Method getCellData | Exception desc : null 
2024-11-03 16:01:30,311 ERROR [Log] Class Utils | Method getCellData | Exception desc : null 
